2025-09-29T08:38:52.547Z [[31merror[39m]: Failed to connect mongodb Assignment to constant variable.
2025-09-29T08:39:08.680Z [[31merror[39m]: Failed to connect mongodb Assignment to constant variable.
2025-09-29T08:39:29.344Z [[31merror[39m]: Failed to connect mongodb Assignment to constant variable.
2025-09-29T08:39:33.550Z [[32minfo[39m]: Database conneted successfully to: ac-1kycexe-shard-00-02.flauyph.mongodb.net
2025-09-29T08:39:33.552Z [[32minfo[39m]: MongoDB connected successfully
2025-09-29T08:39:33.556Z [[32minfo[39m]: Server is listening on port: http://localhost:8000
2025-09-29T08:40:10.659Z [[32minfo[39m]: Database conneted successfully to: ac-1kycexe-shard-00-02.flauyph.mongodb.net
2025-09-29T08:40:10.661Z [[32minfo[39m]: MongoDB connected successfully
2025-09-29T08:40:10.663Z [[32minfo[39m]: Server is listening on port: http://localhost:8000
2025-09-29T08:40:52.559Z [[32minfo[39m]: Database conneted successfully to: ac-1kycexe-shard-00-02.flauyph.mongodb.net
2025-09-29T08:40:52.560Z [[32minfo[39m]: MongoDB connected successfully
2025-09-29T08:40:52.562Z [[32minfo[39m]: Server is listening on port: http://localhost:8000
2025-09-29T08:41:19.076Z [[33mwarn[39m]: 8000
2025-09-29T08:41:20.751Z [[32minfo[39m]: Database conneted successfully to: ac-1kycexe-shard-00-00.flauyph.mongodb.net
2025-09-29T08:41:20.752Z [[32minfo[39m]: MongoDB connected successfully
2025-09-29T08:41:20.757Z [[32minfo[39m]: Server is listening on port: http://localhost:8000
2025-09-29T08:41:27.220Z [[32minfo[39m]: Database conneted successfully to: ac-1kycexe-shard-00-01.flauyph.mongodb.net
2025-09-29T08:41:27.222Z [[32minfo[39m]: MongoDB connected successfully
2025-09-29T08:41:27.225Z [[32minfo[39m]: Server is listening on port: http://localhost:8000
2025-09-29T08:41:33.395Z [[32minfo[39m]: Database conneted successfully to: ac-1kycexe-shard-00-02.flauyph.mongodb.net
2025-09-29T08:41:33.400Z [[32minfo[39m]: MongoDB connected successfully
2025-09-29T08:41:33.403Z [[32minfo[39m]: Server is listening on port: http://localhost:8000
2025-09-29T08:41:38.103Z [[32minfo[39m]: Database conneted successfully to: ac-1kycexe-shard-00-00.flauyph.mongodb.net
2025-09-29T08:41:38.107Z [[32minfo[39m]: MongoDB connected successfully
2025-09-29T08:41:38.110Z [[32minfo[39m]: Server is listening on port: http://localhost:8000
2025-09-29T08:41:44.101Z [[32minfo[39m]: Database conneted successfully to: ac-1kycexe-shard-00-01.flauyph.mongodb.net
2025-09-29T08:41:44.105Z [[32minfo[39m]: MongoDB connected successfully
2025-09-29T08:41:44.109Z [[32minfo[39m]: Server is listening on port: http://localhost:8000
2025-09-29T08:42:10.916Z [[32minfo[39m]: Database conneted successfully to: ac-1kycexe-shard-00-01.flauyph.mongodb.net
2025-09-29T08:42:10.917Z [[32minfo[39m]: MongoDB connected successfully
2025-09-29T08:42:10.920Z [[32minfo[39m]: Server is listening on port: http://localhost:8000
2025-09-29T08:42:13.162Z [[32minfo[39m]: Database conneted successfully to: ac-1kycexe-shard-00-01.flauyph.mongodb.net
2025-09-29T08:42:13.165Z [[32minfo[39m]: MongoDB connected successfully
2025-09-29T08:42:13.167Z [[32minfo[39m]: Server is listening on port: http://localhost:8000
2025-09-29T08:42:22.583Z [[32minfo[39m]: Database conneted successfully to: ac-1kycexe-shard-00-00.flauyph.mongodb.net
2025-09-29T08:42:22.587Z [[32minfo[39m]: MongoDB connected successfully
2025-09-29T08:42:22.591Z [[32minfo[39m]: Server is listening on port: http://localhost:8000
2025-09-29T08:42:41.133Z [[32minfo[39m]: Database conneted successfully to: ac-1kycexe-shard-00-00.flauyph.mongodb.net
2025-09-29T08:42:41.135Z [[32minfo[39m]: MongoDB connected successfully
2025-09-29T08:42:41.137Z [[32minfo[39m]: Server is listening on port: http://localhost:3000
2025-09-29T08:42:46.583Z [[32minfo[39m]: Database conneted successfully to: ac-1kycexe-shard-00-00.flauyph.mongodb.net
2025-09-29T08:42:46.586Z [[32minfo[39m]: MongoDB connected successfully
2025-09-29T08:42:46.590Z [[32minfo[39m]: Server is listening on port: http://localhost:3000
2025-09-29T08:43:09.942Z [[32minfo[39m]: Database conneted successfully to: ac-1kycexe-shard-00-01.flauyph.mongodb.net
2025-09-29T08:43:09.944Z [[32minfo[39m]: MongoDB connected successfully
2025-09-29T08:43:09.947Z [[32minfo[39m]: Server is listening on port: http://localhost:3000
2025-09-29T08:43:33.468Z [[32minfo[39m]: Database conneted successfully to: ac-1kycexe-shard-00-02.flauyph.mongodb.net
2025-09-29T08:43:33.472Z [[32minfo[39m]: MongoDB connected successfully
2025-09-29T08:43:33.477Z [[32minfo[39m]: Server is listening on port: http://localhost:3000
2025-09-29T08:43:46.258Z [[32minfo[39m]: Database conneted successfully to: ac-1kycexe-shard-00-00.flauyph.mongodb.net
2025-09-29T08:43:46.262Z [[32minfo[39m]: MongoDB connected successfully
2025-09-29T08:43:46.266Z [[32minfo[39m]: Server is listening on port: http://localhost:3000
2025-09-29T08:43:48.481Z [[32minfo[39m]: Database conneted successfully to: ac-1kycexe-shard-00-01.flauyph.mongodb.net
2025-09-29T08:43:48.484Z [[32minfo[39m]: MongoDB connected successfully
2025-09-29T08:43:48.486Z [[32minfo[39m]: Server is listening on port: http://localhost:3000
2025-09-29T08:44:32.614Z [[32minfo[39m]: Database conneted successfully to: ac-1kycexe-shard-00-02.flauyph.mongodb.net
2025-09-29T08:44:32.617Z [[32minfo[39m]: MongoDB connected successfully
2025-09-29T08:44:32.621Z [[32minfo[39m]: Server is listening on port: http://localhost:3000
2025-09-29T08:46:42.911Z [[32minfo[39m]: Database conneted successfully to: ac-1kycexe-shard-00-02.flauyph.mongodb.net
2025-09-29T08:46:42.915Z [[32minfo[39m]: MongoDB connected successfully
2025-09-29T08:46:42.918Z [[32minfo[39m]: Server is listening on port: http://localhost:3000
2025-09-29T08:46:53.862Z [[32minfo[39m]: Database conneted successfully to: ac-1kycexe-shard-00-00.flauyph.mongodb.net
2025-09-29T08:46:53.866Z [[32minfo[39m]: MongoDB connected successfully
2025-09-29T08:46:53.871Z [[32minfo[39m]: Server is listening on port: http://localhost:3000
2025-09-29T08:47:10.454Z [[32minfo[39m]: Database conneted successfully to: ac-1kycexe-shard-00-01.flauyph.mongodb.net
2025-09-29T08:47:10.458Z [[32minfo[39m]: MongoDB connected successfully
2025-09-29T08:47:10.462Z [[32minfo[39m]: Server is listening on port: http://localhost:3000
2025-09-29T08:47:15.568Z [[32minfo[39m]: Database conneted successfully to: ac-1kycexe-shard-00-02.flauyph.mongodb.net
2025-09-29T08:47:15.573Z [[32minfo[39m]: MongoDB connected successfully
2025-09-29T08:47:15.576Z [[32minfo[39m]: Server is listening on port: http://localhost:3000
2025-09-29T08:47:20.805Z [[32minfo[39m]: Database conneted successfully to: ac-1kycexe-shard-00-02.flauyph.mongodb.net
2025-09-29T08:47:20.807Z [[32minfo[39m]: MongoDB connected successfully
2025-09-29T08:47:20.810Z [[32minfo[39m]: Server is listening on port: http://localhost:3000
2025-09-29T08:47:25.414Z [[32minfo[39m]: Database conneted successfully to: ac-1kycexe-shard-00-01.flauyph.mongodb.net
2025-09-29T08:47:25.418Z [[32minfo[39m]: MongoDB connected successfully
2025-09-29T08:47:25.422Z [[32minfo[39m]: Server is listening on port: http://localhost:3000
2025-09-29T08:47:32.921Z [[32minfo[39m]: Database conneted successfully to: ac-1kycexe-shard-00-01.flauyph.mongodb.net
2025-09-29T08:47:32.923Z [[32minfo[39m]: MongoDB connected successfully
2025-09-29T08:47:32.925Z [[32minfo[39m]: Server is listening on port: http://localhost:3000
2025-09-29T08:47:36.360Z [[32minfo[39m]: Database conneted successfully to: ac-1kycexe-shard-00-02.flauyph.mongodb.net
2025-09-29T08:47:36.364Z [[32minfo[39m]: MongoDB connected successfully
2025-09-29T08:47:36.366Z [[32minfo[39m]: Server is listening on port: http://localhost:3000
2025-09-29T08:47:46.996Z [[32minfo[39m]: Database conneted successfully to: ac-1kycexe-shard-00-02.flauyph.mongodb.net
2025-09-29T08:47:46.999Z [[32minfo[39m]: MongoDB connected successfully
2025-09-29T08:47:47.002Z [[32minfo[39m]: Server is listening on port: http://localhost:3000
2025-09-29T08:47:50.924Z [[32minfo[39m]: Database conneted successfully to: ac-1kycexe-shard-00-02.flauyph.mongodb.net
2025-09-29T08:47:50.928Z [[32minfo[39m]: MongoDB connected successfully
2025-09-29T08:47:50.934Z [[32minfo[39m]: Server is listening on port: http://localhost:3000
2025-09-29T08:47:52.442Z [[32minfo[39m]: Database conneted successfully to: ac-1kycexe-shard-00-00.flauyph.mongodb.net
2025-09-29T08:47:52.444Z [[32minfo[39m]: MongoDB connected successfully
2025-09-29T08:47:52.446Z [[32minfo[39m]: Server is listening on port: http://localhost:3000
